0 info it worked if it ends with ok
1 verbose cli [ 'C:\\nodist\\v-x64\\nodev6.2.1\\node.exe',
1 verbose cli   'C:\\nodist\\bin\\node_modules\\npm\\bin\\npm-cli.js',
1 verbose cli   'start',
1 verbose cli   'hoge',
1 verbose cli   'paku' ]
2 info using npm@3.9.0
3 info using node@v6.2.1
4 verbose run-script [ 'prestart', 'start', 'poststart' ]
5 info lifecycle md-browser-preview@0.0.1~prestart: md-browser-preview@0.0.1
6 silly lifecycle md-browser-preview@0.0.1~prestart: no script for prestart, continuing
7 info lifecycle md-browser-preview@0.0.1~start: md-browser-preview@0.0.1
8 verbose lifecycle md-browser-preview@0.0.1~start: unsafe-perm in lifecycle true
9 verbose lifecycle md-browser-preview@0.0.1~start: PATH: C:\nodist\bin\node_modules\npm\bin\node-gyp-bin;C:\dev\md-browser-preview\node_modules\.bin;C:\nodist\v-x64\nodev6.2.1;C:\Windows\system32;C:\Windows;C:\Windows\System32\Wbem;C:\Windows\System32\WindowsPowerShell\v1.0\;C:\Program Files (x86)\ATI Technologies\ATI.ACE\Core-Static;C:\w32tex\bin;C:\gs\gs9.04\bin;C:\gs\gs9.04\lib;C:\Program Files (x86)\QuickTime\QTSystem\;C:\MinGW\bin\;C:\Program Files (x86)\sakura\;C:\Program Files (x86)\teraterm;C:\Program Files (x86)\WinSCP;C:\w32tex\dviout;C:\Program Files\Java\jdk1.8.0\bin;C:\Program Files (x86)\Android\android-sdk\platform-tools;C:\ProgramData\chocolatey\bin;C:\nodist\bin\node_modules;C:\WINDOWS\system32;C:\WINDOWS;C:\WINDOWS\System32\Wbem;C:\WINDOWS\System32\WindowsPowerShell\v1.0\;C:\Python27;C:\Program Files\Microsoft SQL Server\110\Tools\Binn\;C:\Program Files\Git\cmd;C:\Program Files\Microsoft SQL Server\120\Tools\Binn\;C:\Program Files\Microsoft Windows Performance Toolkit\;C:\Program Files (x86)\Windows Kits\10\Windows Performance Toolkit\;C:\xampp\php\;C:\Program Files\GDAL;C:\android_develop\apache-ant-1.9.4\bin;C:\Program Files (x86)\Android\android-sdk\platform-tools;C:\Program Files (x86)\Android\android-sdk\tools;C:\Program Files (x86)\Git\bin;C:\php;C:\Users\yuto\AppData\Local\atom\bin;C:\nodist\bin;C:\Program Files (x86)\Microsoft VS Code\bin
10 verbose lifecycle md-browser-preview@0.0.1~start: CWD: C:\dev\md-browser-preview
11 silly lifecycle md-browser-preview@0.0.1~start: Args: [ '/d /s /c', 'node bin/cli.js "hoge" "paku"' ]
12 silly lifecycle md-browser-preview@0.0.1~start: Returned: code: 1  signal: null
13 info lifecycle md-browser-preview@0.0.1~start: Failed to exec start script
14 verbose stack Error: md-browser-preview@0.0.1 start: `node bin/cli.js "hoge" "paku"`
14 verbose stack Exit status 1
14 verbose stack     at EventEmitter.<anonymous> (C:\nodist\bin\node_modules\npm\lib\utils\lifecycle.js:245:16)
14 verbose stack     at emitTwo (events.js:106:13)
14 verbose stack     at EventEmitter.emit (events.js:191:7)
14 verbose stack     at ChildProcess.<anonymous> (C:\nodist\bin\node_modules\npm\lib\utils\spawn.js:24:14)
14 verbose stack     at emitTwo (events.js:106:13)
14 verbose stack     at ChildProcess.emit (events.js:191:7)
14 verbose stack     at maybeClose (internal/child_process.js:852:16)
14 verbose stack     at Process.ChildProcess._handle.onexit (internal/child_process.js:215:5)
15 verbose pkgid md-browser-preview@0.0.1
16 verbose cwd C:\dev\md-browser-preview
17 error Windows_NT 10.0.10586
18 error argv "C:\\nodist\\v-x64\\nodev6.2.1\\node.exe" "C:\\nodist\\bin\\node_modules\\npm\\bin\\npm-cli.js" "start" "hoge" "paku"
19 error node v6.2.1
20 error npm  v3.9.0
21 error code ELIFECYCLE
22 error md-browser-preview@0.0.1 start: `node bin/cli.js "hoge" "paku"`
22 error Exit status 1
23 error Failed at the md-browser-preview@0.0.1 start script 'node bin/cli.js "hoge" "paku"'.
23 error Make sure you have the latest version of node.js and npm installed.
23 error If you do, this is most likely a problem with the md-browser-preview package,
23 error not with npm itself.
23 error Tell the author that this fails on your system:
23 error     node bin/cli.js "hoge" "paku"
23 error You can get information on how to open an issue for this project with:
23 error     npm bugs md-browser-preview
23 error Or if that isn't available, you can get their info via:
23 error     npm owner ls md-browser-preview
23 error There is likely additional logging output above.
24 verbose exit [ 1, true ]
